{
  "0 debug pnpm:scope": {
    "selected": 1
  },
  "1 debug pnpm:package-manifest": {
    "initial": {
      "name": "@benfeito/frontend",
      "version": "0.0.1",
      "scripts": {
        "dev": "svelte-kit dev",
        "build": "svelte-kit build",
        "preview": "svelte-kit preview",
        "check": "svelte-check --tsconfig ./tsconfig.json",
        "check:watch": "svelte-check --tsconfig ./tsconfig.json --watch",
        "lint": "prettier --ignore-path .gitignore --check --plugin-search-dir=. . && eslint --ignore-path .gitignore .",
        "format": "prettier --ignore-path .gitignore --write --plugin-search-dir=. ."
      },
      "devDependencies": {
        "@sveltejs/adapter-vercel": "^1.0.0-next.31",
        "@sveltejs/kit": "next",
        "@typescript-eslint/eslint-plugin": "^5.2.0",
        "@typescript-eslint/parser": "^5.2.0",
        "eslint": "^8.1.0",
        "eslint-config-prettier": "^8.3.0",
        "eslint-plugin-svelte3": "^3.2.1",
        "ethers": "^5.5.1",
        "prettier": "^2.4.1",
        "prettier-plugin-svelte": "^2.4.0",
        "svelte": "^3.44.0",
        "svelte-check": "^2.2.7",
        "svelte-preprocess": "^4.9.8",
        "svelthers": "workspace:*",
        "tslib": "^2.3.1",
        "typescript": "^4.4.4"
      },
      "type": "module"
    },
    "prefix": "/home/rodrigo/dev/github/rodgco/svelte-dapp-starterkit"
  },
  "2 debug pnpm:context": {
    "currentLockfileExists": false,
    "storeDir": "/home/rodrigo/.pnpm-store/v3",
    "virtualStoreDir": "/home/rodrigo/dev/github/rodgco/svelte-dapp-starterkit/node_modules/.pnpm"
  },
  "3 debug pnpm:stage": {
    "prefix": "/home/rodrigo/dev/github/rodgco/svelte-dapp-starterkit",
    "stage": "resolution_started"
  },
  "4 error pnpm": {
    "code": "ERR_PNPM_NO_MATCHING_VERSION_INSIDE_WORKSPACE",
    "pkgsStack": [],
    "err": {
      "name": "pnpm",
      "message": "In : No matching version found for svelthers@* inside the workspace",
      "code": "ERR_PNPM_NO_MATCHING_VERSION_INSIDE_WORKSPACE",
      "stack": "pnpm: In : No matching version found for svelthers@* inside the workspace\n    at tryResolveFromWorkspace (/home/rodrigo/.nvm/versions/node/v14.18.1/pnpm-global/5/node_modules/.pnpm/pnpm@6.22.2/node_modules/pnpm/dist/pnpm.cjs:85233:15)\n    at resolveNpm (/home/rodrigo/.nvm/versions/node/v14.18.1/pnpm-global/5/node_modules/.pnpm/pnpm@6.22.2/node_modules/pnpm/dist/pnpm.cjs:85124:39)\n    at Object.resolve (/home/rodrigo/.nvm/versions/node/v14.18.1/pnpm-global/5/node_modules/.pnpm/pnpm@6.22.2/node_modules/pnpm/dist/pnpm.cjs:85356:40)\n    at ctx.requestsQueue.add.priority (/home/rodrigo/.nvm/versions/node/v14.18.1/pnpm-global/5/node_modules/.pnpm/pnpm@6.22.2/node_modules/pnpm/dist/pnpm.cjs:71340:75)\n    at run (/home/rodrigo/.nvm/versions/node/v14.18.1/pnpm-global/5/node_modules/.pnpm/pnpm@6.22.2/node_modules/pnpm/dist/pnpm.cjs:71087:90)\n    at PQueue._tryToStartAnother (/home/rodrigo/.nvm/versions/node/v14.18.1/pnpm-global/5/node_modules/.pnpm/pnpm@6.22.2/node_modules/pnpm/dist/pnpm.cjs:71041:13)\n    at /home/rodrigo/.nvm/versions/node/v14.18.1/pnpm-global/5/node_modules/.pnpm/pnpm@6.22.2/node_modules/pnpm/dist/pnpm.cjs:71100:16\n    at new Promise (<anonymous>)\n    at PQueue.add (/home/rodrigo/.nvm/versions/node/v14.18.1/pnpm-global/5/node_modules/.pnpm/pnpm@6.22.2/node_modules/pnpm/dist/pnpm.cjs:71082:16)\n    at resolveAndFetch (/home/rodrigo/.nvm/versions/node/v14.18.1/pnpm-global/5/node_modules/.pnpm/pnpm@6.22.2/node_modules/pnpm/dist/pnpm.cjs:71340:55)"
    }
  }
}